#
# A fatal error has been detected by the Java Runtime Environment:
#
#  EXCEPTION_ACCESS_VIOLATION (0xc0000005) at pc=0x0000000066bcbd0d, pid=12924, tid=0x00000000000023a0
#
# JRE version: Java(TM) SE Runtime Environment (8.0_161-b12) (build 1.8.0_161-b12)
# Java VM: Java HotSpot(TM) 64-Bit Server VM (25.161-b12 mixed mode windows-amd64 compressed oops)
# Problematic frame:
# C  [gdx-box2d64.dll+0xbd0d]
#
# Failed to write core dump. Minidumps are not enabled by default on client versions of Windows
#
# If you would like to submit a bug report, please visit:
#   http://bugreport.java.com/bugreport/crash.jsp
# The crash happened outside the Java Virtual Machine in native code.
# See problematic frame for where to report the bug.
#

---------------  T H R E A D  ---------------

Current thread (0x000000001f98c000):  JavaThread "LWJGL Application" [_thread_in_native, id=9120, stack(0x00000000206c0000,0x00000000207c0000)]

siginfo: ExceptionCode=0xc0000005, reading address 0x000000202030fd10

Registers:
RAX=0x000000202030fd10, RBX=0x00000000202dece0, RCX=0x00000000202decb0, RDX=0x00000000000000b8
RSP=0x00000000207bea00, RBP=0x0000000000000006, RSI=0x00000000202decb0, RDI=0x00000000207beac0
R8 =0x00000000202decb0, R9 =0x0000000000000002, R10=0x0000000000000000, R11=0x0000000000000001
R12=0x0000000000000000, R13=0x000000001c31b6a8, R14=0x00000000207beca8, R15=0x000000001f98c000
RIP=0x0000000066bcbd0d, EFLAGS=0x0000000000010202

Top of Stack: (sp=0x00000000207bea00)
0x00000000207bea00:   000000001c31b6a8 000000001f98c000
0x00000000207bea10:   000000007568c198 000000001fa26ea0
0x00000000207bea20:   0000000000000012 00000000202decb0
0x00000000207bea30:   000000001bce0468 00000000207beac0
0x00000000207bea40:   00000000207bec00 0000000000000000
0x00000000207bea50:   000000001c31b6a8 0000000066be2483
0x00000000207bea60:   00000000207beb00 00000000207beb00
0x00000000207bea70:   0000000000000003 000000001c31b6a8
0x00000000207bea80:   0000000000000001 000000001bce0468
0x00000000207bea90:   0000000002be7b30 0000000066be8616
0x00000000207beaa0:   0000000000000000 0000000002be7b30
0x00000000207beab0:   00000000207bec00 0000000002be5798
0x00000000207beac0:   40d16d0700000002 000000003e7ae145
0x00000000207bead0:   0000000000000000 0000000000000000
0x00000000207beae0:   0000010100000000 00000000207bec01
0x00000000207beaf0:   0000000000000000 000000003f800000 

Instructions: (pc=0x0000000066bcbd0d)
0x0000000066bcbced:   48 8d 05 6c a3 05 00 0f b6 1c 18 80 fb 0d 0f b6
0x0000000066bcbcfd:   eb 77 21 48 8d 1c de 48 8b 43 10 48 85 c0 74 3a
0x0000000066bcbd0d:   48 8b 10 48 89 53 10 48 83 c4 28 5b 5e 5f 5d 41
0x0000000066bcbd1d:   5c 41 5d c3 48 8d 15 18 9e 04 00 48 8d 0d 99 9e 


Register to memory mapping:

RAX=0x000000202030fd10 is an unknown value
RBX=0x00000000202dece0 is an unknown value
RCX=0x00000000202decb0 is an unknown value
RDX=0x00000000000000b8 is an unknown value
RSP=0x00000000207bea00 is pointing into the stack for thread: 0x000000001f98c000
RBP=0x0000000000000006 is an unknown value
RSI=0x00000000202decb0 is an unknown value
RDI=0x00000000207beac0 is pointing into the stack for thread: 0x000000001f98c000
R8 =0x00000000202decb0 is an unknown value
R9 =0x0000000000000002 is an unknown value
R10=0x0000000000000000 is an unknown value
R11=0x0000000000000001 is an unknown value
R12=0x0000000000000000 is an unknown value
R13={method} {0x000000001c31b6b0} 'jniCreateBody' '(JIFFFFFFFFZZZZZF)J' in 'com/badlogic/gdx/physics/box2d/World'
R14=0x00000000207beca8 is pointing into the stack for thread: 0x000000001f98c000
R15=0x000000001f98c000 is a thread


Stack: [0x00000000206c0000,0x00000000207c0000],  sp=0x00000000207bea00,  free space=1018k
Native frames: (J=compiled Java code, j=interpreted, Vv=VM code, C=native code)
C  [gdx-box2d64.dll+0xbd0d]
C  [gdx-box2d64.dll+0x22483]
C  [gdx-box2d64.dll+0x28616]
C  0x0000000002bf8c67

Java frames: (J=compiled Java code, j=interpreted, Vv=VM code)
j  com.badlogic.gdx.physics.box2d.World.jniCreateBody(JIFFFFFFFFZZZZZF)J+0
j  com.badlogic.gdx.physics.box2d.World.createBody(Lcom/badlogic/gdx/physics/box2d/BodyDef;)Lcom/badlogic/gdx/physics/box2d/Body;+80
j  com.isn.platformer.Sprites.Laser.defineFireBall()V+70
j  com.isn.platformer.Sprites.Laser.<init>(Lcom/isn/platformer/Screens/PlayScreen;FFZ)V+54
j  com.isn.platformer.Sprites.Chell.fire()V+44
J 885 C1 com.isn.platformer.Screens.PlayScreen.handleInput(F)V (350 bytes) @ 0x0000000002f41c7c [0x0000000002f41960+0x31c]
J 850 C1 com.isn.platformer.Screens.PlayScreen.update(F)V (208 bytes) @ 0x0000000002f2058c [0x0000000002f204e0+0xac]
J 851 C1 com.isn.platformer.Screens.PlayScreen.render(F)V (226 bytes) @ 0x0000000002f29fdc [0x0000000002f29f40+0x9c]
J 917 C1 com.isn.platformer.Platformer.render()V (5 bytes) @ 0x0000000002f59f64 [0x0000000002f59da0+0x1c4]
j  com.badlogic.gdx.backends.lwjgl.LwjglApplication.mainLoop()V+698
j  com.badlogic.gdx.backends.lwjgl.LwjglApplication$1.run()V+27
v  ~StubRoutines::call_stub

---------------  P R O C E S S  ---------------

Java Threads: ( => current thread )
  0x000000001fd4f800 JavaThread "LWJGL Timer" daemon [_thread_blocked, id=11380, stack(0x00000000268b0000,0x00000000269b0000)]
  0x00000000029ce800 JavaThread "DestroyJavaVM" [_thread_blocked, id=14080, stack(0x00000000029e0000,0x0000000002ae0000)]
=>0x000000001f98c000 JavaThread "LWJGL Application" [_thread_in_native, id=9120, stack(0x00000000206c0000,0x00000000207c0000)]
  0x000000001e68d000 JavaThread "Service Thread" daemon [_thread_blocked, id=7720, stack(0x000000001f1e0000,0x000000001f2e0000)]
  0x000000001e5fa000 JavaThread "C1 CompilerThread3" daemon [_thread_blocked, id=4264, stack(0x000000001f0e0000,0x000000001f1e0000)]
  0x000000001e5f7000 JavaThread "C2 CompilerThread2" daemon [_thread_blocked, id=14556, stack(0x000000001efe0000,0x000000001f0e0000)]
  0x000000001e5f4000 JavaThread "C2 CompilerThread1" daemon [_thread_blocked, id=11640, stack(0x000000001eee0000,0x000000001efe0000)]
  0x000000001e5ec000 JavaThread "C2 CompilerThread0" daemon [_thread_blocked, id=9832, stack(0x000000001ede0000,0x000000001eee0000)]
  0x000000001e5eb000 JavaThread "Attach Listener" daemon [_thread_blocked, id=1492, stack(0x000000001ece0000,0x000000001ede0000)]
  0x000000001c6de000 JavaThread "Signal Dispatcher" daemon [_thread_blocked, id=10320, stack(0x000000001ebe0000,0x000000001ece0000)]
  0x000000001e5e0800 JavaThread "Finalizer" daemon [_thread_blocked, id=12384, stack(0x000000001e9c0000,0x000000001eac0000)]
  0x0000000002bda000 JavaThread "Reference Handler" daemon [_thread_blocked, id=9704, stack(0x000000001e4c0000,0x000000001e5c0000)]

Other Threads:
  0x000000001c6c9800 VMThread [stack: 0x000000001e3c0000,0x000000001e4c0000] [id=13820]
  0x000000001e6a7800 WatcherThread [stack: 0x000000001f450000,0x000000001f550000] [id=9360]

VM state:not at safepoint (normal execution)

VM Mutex/Monitor currently owned by a thread: None

Heap:
 PSYoungGen      total 76288K, used 20016K [0x000000076ac00000, 0x0000000770100000, 0x00000007c0000000)
  eden space 65536K, 30% used [0x000000076ac00000,0x000000076bf8c348,0x000000076ec00000)
  from space 10752K, 0% used [0x000000076f680000,0x000000076f680000,0x0000000770100000)
  to   space 10752K, 0% used [0x000000076ec00000,0x000000076ec00000,0x000000076f680000)
 ParOldGen       total 175104K, used 0K [0x00000006c0400000, 0x00000006caf00000, 0x000000076ac00000)
  object space 175104K, 0% used [0x00000006c0400000,0x00000006c0400000,0x00000006caf00000)
 Metaspace       used 7559K, capacity 7811K, committed 7936K, reserved 1056768K
  class space    used 708K, capacity 720K, committed 768K, reserved 1048576K

Card table byte_map: [0x0000000011fa0000,0x00000000127a0000] byte_map_base: 0x000000000e99e000

Marking Bits: (ParMarkBitMap*) 0x000000007586f860
 Begin Bits: [0x0000000013500000, 0x00000000174f0000)
 End Bits:   [0x00000000174f0000, 0x000000001b4e0000)

Polling page: 0x00000000007f0000

CodeCache: size=245760Kb used=4098Kb max_used=4109Kb free=241661Kb
 bounds [0x0000000002be0000, 0x0000000002ff0000, 0x0000000011be0000]
 total_blobs=1520 nmethods=1038 adapters=395
 compilation: enabled

Compilation events (10 events):
Event: 46.726 Thread 0x000000001e5f7000 1034       4       com.badlogic.gdx.math.Vector3::crs (62 bytes)
Event: 46.727 Thread 0x000000001e5f7000 nmethod 1034 0x0000000002fb2f50 code [0x0000000002fb3080, 0x0000000002fb3138]
Event: 46.910 Thread 0x000000001e5fa000 1035       3       java.io.WinNTFileSystem::isLetter (30 bytes)
Event: 46.910 Thread 0x000000001e5fa000 nmethod 1035 0x0000000002fbf650 code [0x0000000002fbf7c0, 0x0000000002fbfa10]
Event: 47.845 Thread 0x000000001e5ec000 1036  s    4       org.lwjgl.opengl.EventQueue::copyEvents (77 bytes)
Event: 47.854 Thread 0x000000001e5ec000 nmethod 1036 0x0000000002fe7250 code [0x0000000002fe73e0, 0x0000000002fe7d98]
Event: 47.862 Thread 0x000000001e5f4000 1037       4       com.isn.platformer.Sprites.Enemy::update (119 bytes)
Event: 47.875 Thread 0x000000001e5f4000 nmethod 1037 0x0000000002fc4590 code [0x0000000002fc47a0, 0x0000000002fc51a0]
Event: 48.246 Thread 0x000000001e5f7000 1038       4       com.badlogic.gdx.utils.LongMap::hash3 (22 bytes)
Event: 48.246 Thread 0x000000001e5f7000 nmethod 1038 0x0000000002fa2f10 code [0x0000000002fa3040, 0x0000000002fa30b8]

GC Heap History (0 events):
No events

Deoptimization events (2 events):
Event: 0.145 Thread 0x00000000029ce800 Uncommon trap: reason=unstable_if action=reinterpret pc=0x0000000002d04f84 method=java.lang.String.hashCode()I @ 14
Event: 26.702 Thread 0x000000001f98c000 Uncommon trap: reason=unstable_if action=reinterpret pc=0x0000000002f91b78 method=com.badlogic.gdx.utils.LongMap.values()Lcom/badlogic/gdx/utils/LongMap$Values; @ 4

Classes redefined (0 events):
No events

Internal exceptions (10 events):
Event: 0.229 Thread 0x00000000029ce800 Exception <a 'java/security/PrivilegedActionException'> (0x000000076af9a8d0) thrown at [C:\re\workspace\8-2-build-windows-amd64-cygwin\jdk8u161\10277\hotspot\src\share\vm\prims\jvm.cpp, line 1390]
Event: 0.229 Thread 0x00000000029ce800 Exception <a 'java/security/PrivilegedActionException'> (0x000000076af9e540) thrown at [C:\re\workspace\8-2-build-windows-amd64-cygwin\jdk8u161\10277\hotspot\src\share\vm\prims\jvm.cpp, line 1390]
Event: 0.229 Thread 0x00000000029ce800 Exception <a 'java/security/PrivilegedActionException'> (0x000000076af9e750) thrown at [C:\re\workspace\8-2-build-windows-amd64-cygwin\jdk8u161\10277\hotspot\src\share\vm\prims\jvm.cpp, line 1390]
Event: 0.493 Thread 0x00000000029ce800 Exception <a 'java/security/PrivilegedActionException'> (0x000000076b0bba90) thrown at [C:\re\workspace\8-2-build-windows-amd64-cygwin\jdk8u161\10277\hotspot\src\share\vm\prims\jvm.cpp, line 1390]
Event: 0.493 Thread 0x00000000029ce800 Exception <a 'java/security/PrivilegedActionException'> (0x000000076b0bd768) thrown at [C:\re\workspace\8-2-build-windows-amd64-cygwin\jdk8u161\10277\hotspot\src\share\vm\prims\jvm.cpp, line 1390]
Event: 0.493 Thread 0x00000000029ce800 Exception <a 'java/security/PrivilegedActionException'> (0x000000076b0be8d8) thrown at [C:\re\workspace\8-2-build-windows-amd64-cygwin\jdk8u161\10277\hotspot\src\share\vm\prims\jvm.cpp, line 1390]
Event: 0.494 Thread 0x00000000029ce800 Exception <a 'java/security/PrivilegedActionException'> (0x000000076b0c3a40) thrown at [C:\re\workspace\8-2-build-windows-amd64-cygwin\jdk8u161\10277\hotspot\src\share\vm\prims\jvm.cpp, line 1390]
Event: 0.494 Thread 0x00000000029ce800 Exception <a 'java/security/PrivilegedActionException'> (0x000000076b0c4698) thrown at [C:\re\workspace\8-2-build-windows-amd64-cygwin\jdk8u161\10277\hotspot\src\share\vm\prims\jvm.cpp, line 1390]
Event: 0.494 Thread 0x00000000029ce800 Exception <a 'java/security/PrivilegedActionException'> (0x000000076b0c52c0) thrown at [C:\re\workspace\8-2-build-windows-amd64-cygwin\jdk8u161\10277\hotspot\src\share\vm\prims\jvm.cpp, line 1390]
Event: 26.702 Thread 0x000000001f98c000 Implicit null exception at 0x0000000002f8c27c to 0x0000000002f91b5d

Events (10 events):
Event: 2.181 loading class com/badlogic/gdx/utils/Pool$Poolable done
Event: 2.430 loading class com/isn/platformer/Sprites/Laser
Event: 2.430 loading class com/isn/platformer/Sprites/Laser done
Event: 3.933 Thread 0x000000001f98c000 DEOPT PACKING pc=0x0000000002e9f792 sp=0x00000000207bef80
Event: 3.933 Thread 0x000000001f98c000 DEOPT UNPACKING pc=0x0000000002c27890 sp=0x00000000207bec20 mode 0
Event: 4.187 Executing VM operation: EnableBiasedLocking
Event: 4.187 Executing VM operation: EnableBiasedLocking done
Event: 26.702 Thread 0x000000001f98c000 Uncommon trap: trap_request=0xffffff65 fr.pc=0x0000000002f91b78
Event: 26.702 Thread 0x000000001f98c000 DEOPT PACKING pc=0x0000000002f91b78 sp=0x00000000207befa0
Event: 26.702 Thread 0x000000001f98c000 DEOPT UNPACKING pc=0x0000000002c2583b sp=0x00000000207beee8 mode 2


Dynamic libraries:
0x00007ff736c40000 - 0x00007ff736c77000 	C:\Program Files\Java\jre1.8.0_161\bin\javaw.exe
0x00007ffd4f250000 - 0x00007ffd4f431000 	C:\WINDOWS\SYSTEM32\ntdll.dll
0x00007ffd4d360000 - 0x00007ffd4d412000 	C:\WINDOWS\System32\KERNEL32.DLL
0x00007ffd4c190000 - 0x00007ffd4c403000 	C:\WINDOWS\System32\KERNELBASE.dll
0x00007ffd4c800000 - 0x00007ffd4c8a1000 	C:\WINDOWS\System32\ADVAPI32.dll
0x00007ffd4c920000 - 0x00007ffd4c9be000 	C:\WINDOWS\System32\msvcrt.dll
0x00007ffd4d300000 - 0x00007ffd4d35b000 	C:\WINDOWS\System32\sechost.dll
0x00007ffd4d740000 - 0x00007ffd4d864000 	C:\WINDOWS\System32\RPCRT4.dll
0x00007ffd4d910000 - 0x00007ffd4daa0000 	C:\WINDOWS\System32\USER32.dll
0x00007ffd4b820000 - 0x00007ffd4b840000 	C:\WINDOWS\System32\win32u.dll
0x00007ffd4c9c0000 - 0x00007ffd4c9e8000 	C:\WINDOWS\System32\GDI32.dll
0x00007ffd4b8e0000 - 0x00007ffd4ba72000 	C:\WINDOWS\System32\gdi32full.dll
0x00007ffd4b840000 - 0x00007ffd4b8df000 	C:\WINDOWS\System32\msvcp_win.dll
0x00007ffd4b620000 - 0x00007ffd4b71a000 	C:\WINDOWS\System32\ucrtbase.dll
0x00007ffd3e490000 - 0x00007ffd3e6f9000 	C:\WINDOWS\WinSxS\amd64_microsoft.windows.common-controls_6595b64144ccf1df_6.0.17134.1_none_e4da93291059d8fb\COMCTL32.dll
0x00007ffd4daa0000 - 0x00007ffd4ddc3000 	C:\WINDOWS\System32\combase.dll
0x00007ffd4c410000 - 0x00007ffd4c48a000 	C:\WINDOWS\System32\bcryptPrimitives.dll
0x00007ffd4c9f0000 - 0x00007ffd4ca1d000 	C:\WINDOWS\System32\IMM32.DLL
0x0000000074da0000 - 0x0000000074e72000 	C:\Program Files\Java\jre1.8.0_161\bin\msvcr100.dll
0x0000000075050000 - 0x00000000758ef000 	C:\Program Files\Java\jre1.8.0_161\bin\server\jvm.dll
0x00007ffd4d2d0000 - 0x00007ffd4d2d8000 	C:\WINDOWS\System32\PSAPI.DLL
0x00007ffd44e30000 - 0x00007ffd44e39000 	C:\WINDOWS\SYSTEM32\WSOCK32.dll
0x00007ffd46420000 - 0x00007ffd4642a000 	C:\WINDOWS\SYSTEM32\VERSION.dll
0x00007ffd4c8b0000 - 0x00007ffd4c91c000 	C:\WINDOWS\System32\WS2_32.dll
0x00007ffd463f0000 - 0x00007ffd46413000 	C:\WINDOWS\SYSTEM32\WINMM.dll
0x00007ffd463c0000 - 0x00007ffd463ea000 	C:\WINDOWS\SYSTEM32\winmmbase.dll
0x00007ffd4b7d0000 - 0x00007ffd4b819000 	C:\WINDOWS\System32\cfgmgr32.dll
0x0000000074f60000 - 0x0000000074f6f000 	C:\Program Files\Java\jre1.8.0_161\bin\verify.dll
0x0000000074f30000 - 0x0000000074f59000 	C:\Program Files\Java\jre1.8.0_161\bin\java.dll
0x0000000074f10000 - 0x0000000074f26000 	C:\Program Files\Java\jre1.8.0_161\bin\zip.dll
0x00007ffd4ddd0000 - 0x00007ffd4f210000 	C:\WINDOWS\System32\SHELL32.dll
0x00007ffd4c750000 - 0x00007ffd4c7f9000 	C:\WINDOWS\System32\shcore.dll
0x00007ffd4ba80000 - 0x00007ffd4c18d000 	C:\WINDOWS\System32\windows.storage.dll
0x00007ffd4ca20000 - 0x00007ffd4ca71000 	C:\WINDOWS\System32\shlwapi.dll
0x00007ffd4b560000 - 0x00007ffd4b571000 	C:\WINDOWS\System32\kernel.appcore.dll
0x00007ffd4b5e0000 - 0x00007ffd4b5ff000 	C:\WINDOWS\System32\profapi.dll
0x00007ffd4b590000 - 0x00007ffd4b5dc000 	C:\WINDOWS\System32\powrprof.dll
0x00007ffd4b580000 - 0x00007ffd4b58a000 	C:\WINDOWS\System32\FLTLIB.DLL
0x0000000065580000 - 0x0000000065616000 	C:\Users\Carlos\AppData\Local\Temp\libgdxCarlos\12dfaa03\gdx64.dll
0x00007ffd4af90000 - 0x00007ffd4afa7000 	C:\WINDOWS\SYSTEM32\CRYPTSP.dll
0x00007ffd4a9c0000 - 0x00007ffd4a9f3000 	C:\WINDOWS\system32\rsaenh.dll
0x00007ffd4b0c0000 - 0x00007ffd4b0e5000 	C:\WINDOWS\SYSTEM32\bcrypt.dll
0x00007ffd4b490000 - 0x00007ffd4b4b8000 	C:\WINDOWS\SYSTEM32\USERENV.dll
0x00007ffd4afb0000 - 0x00007ffd4afbb000 	C:\WINDOWS\SYSTEM32\CRYPTBASE.dll
0x0000000074ef0000 - 0x0000000074f0a000 	C:\Program Files\Java\jre1.8.0_161\bin\net.dll
0x00007ffd4ade0000 - 0x00007ffd4ae46000 	C:\WINDOWS\system32\mswsock.dll
0x00007ffd4ab60000 - 0x00007ffd4ab98000 	C:\WINDOWS\SYSTEM32\IPHLPAPI.DLL
0x00007ffd4f210000 - 0x00007ffd4f218000 	C:\WINDOWS\System32\NSI.dll
0x00007ffd403f0000 - 0x00007ffd40406000 	C:\WINDOWS\SYSTEM32\dhcpcsvc6.DLL
0x00007ffd40380000 - 0x00007ffd4039a000 	C:\WINDOWS\SYSTEM32\dhcpcsvc.DLL
0x0000000074ed0000 - 0x0000000074ee1000 	C:\Program Files\Java\jre1.8.0_161\bin\nio.dll
0x0000000180000000 - 0x0000000180053000 	C:\Users\Carlos\AppData\Local\Temp\libgdxCarlos\dc0f0009\lwjgl64.dll
0x00007ffd261d0000 - 0x00007ffd262f0000 	C:\WINDOWS\SYSTEM32\OPENGL32.dll
0x00007ffd2ca70000 - 0x00007ffd2ca9c000 	C:\WINDOWS\SYSTEM32\GLU32.dll
0x00000000200d0000 - 0x0000000020134000 	C:\Users\Carlos\AppData\Local\Temp\libgdxCarlos\dc0f0009\OpenAL64.dll
0x00007ffd4cb70000 - 0x00007ffd4ccc1000 	C:\WINDOWS\System32\ole32.dll
0x00007ffd49f70000 - 0x00007ffd4a008000 	C:\WINDOWS\system32\uxtheme.dll
0x00007ffd4d870000 - 0x00007ffd4d910000 	C:\WINDOWS\System32\clbcatq.dll
0x00007ffd438e0000 - 0x00007ffd43a94000 	C:\WINDOWS\System32\PROPSYS.dll
0x00007ffd4cd30000 - 0x00007ffd4cdf2000 	C:\WINDOWS\System32\OLEAUT32.dll
0x00007ffd0d680000 - 0x00007ffd0d70f000 	C:\WINDOWS\SYSTEM32\dsound.dll
0x00007ffd3f040000 - 0x00007ffd3f0b6000 	C:\WINDOWS\System32\MMDevApi.dll
0x00007ffd4b370000 - 0x00007ffd4b397000 	C:\WINDOWS\System32\DEVOBJ.dll
0x00007ffd17710000 - 0x00007ffd1783c000 	C:\WINDOWS\SYSTEM32\AUDIOSES.DLL
0x00007ffd48520000 - 0x00007ffd4852a000 	C:\WINDOWS\SYSTEM32\AVRT.dll
0x00007ffd47ef0000 - 0x00007ffd4803d000 	C:\WINDOWS\SYSTEM32\wintypes.dll
0x00007ffd4d420000 - 0x00007ffd4d595000 	C:\WINDOWS\System32\MSCTF.dll
0x00007ffd4a040000 - 0x00007ffd4a069000 	C:\WINDOWS\system32\dwmapi.dll
0x00007ffd44790000 - 0x00007ffd44797000 	C:\WINDOWS\system32\OskSupport.dll
0x00007ffd2aa10000 - 0x00007ffd2aaa8000 	C:\WINDOWS\System32\TextInputFramework.dll
0x00007ffd49a40000 - 0x00007ffd49b1a000 	C:\WINDOWS\System32\CoreMessaging.dll
0x00007ffd48040000 - 0x00007ffd4835e000 	C:\WINDOWS\System32\CoreUIComponents.dll
0x00007ffd4a760000 - 0x00007ffd4a791000 	C:\WINDOWS\SYSTEM32\ntmarta.dll
0x0000000072c00000 - 0x0000000074d98000 	C:\WINDOWS\SYSTEM32\nvoglv64.DLL
0x00007ffd4ce80000 - 0x00007ffd4d2cb000 	C:\WINDOWS\System32\SETUPAPI.dll
0x00007ffd44cf0000 - 0x00007ffd44d03000 	C:\WINDOWS\SYSTEM32\WTSAPI32.dll
0x00007ffd4c680000 - 0x00007ffd4c6d7000 	C:\WINDOWS\System32\WINTRUST.dll
0x00007ffd4b600000 - 0x00007ffd4b612000 	C:\WINDOWS\System32\MSASN1.dll
0x00007ffd4c490000 - 0x00007ffd4c672000 	C:\WINDOWS\System32\CRYPT32.dll
0x00007ffd3e3a0000 - 0x00007ffd3e448000 	C:\WINDOWS\SYSTEM32\mscms.dll
0x00007ffd3f360000 - 0x00007ffd3f370000 	C:\WINDOWS\SYSTEM32\ColorAdapterClient.dll
0x00007ffd2bd70000 - 0x00007ffd2bdb3000 	C:\WINDOWS\SYSTEM32\icm32.dll
0x00007ffd1b2a0000 - 0x00007ffd1b4a0000 	C:\Windows\System32\uiautomationcore.dll
0x00007ffd3dec0000 - 0x00007ffd3df2b000 	C:\Windows\System32\OLEACC.dll
0x00007ffd4a670000 - 0x00007ffd4a6c6000 	C:\WINDOWS\SYSTEM32\WINSTA.dll
0x00007ffd4a310000 - 0x00007ffd4a3cb000 	C:\WINDOWS\SYSTEM32\dxgi.dll
0x00007ffd48c80000 - 0x00007ffd48f8b000 	C:\WINDOWS\SYSTEM32\d3d11.dll
0x00007ffd46430000 - 0x00007ffd47bde000 	C:\WINDOWS\System32\DriverStore\FileRepository\nvami.inf_amd64_79f909bfbbd7ec05\nvwgf2umx.dll
0x00007ffd452a0000 - 0x00007ffd4545d000 	C:\WINDOWS\system32\nvspcap64.dll
0x0000000066bc0000 - 0x0000000066c7b000 	C:\Users\Carlos\AppData\Local\Temp\libgdxCarlos\54593449\gdx-box2d64.dll
0x00007ffd457d0000 - 0x00007ffd45999000 	C:\WINDOWS\SYSTEM32\dbghelp.dll

VM Arguments:
jvm_args: -Dfile.encoding=Cp1252 
java_command: com.isn.platformer.desktop.DesktopLauncher
java_class_path (initial): C:\Program Files\Java\jre1.8.0_161\lib\resources.jar;C:\Program Files\Java\jre1.8.0_161\lib\rt.jar;C:\Program Files\Java\jre1.8.0_161\lib\jsse.jar;C:\Program Files\Java\jre1.8.0_161\lib\jce.jar;C:\Program Files\Java\jre1.8.0_161\lib\charsets.jar;C:\Program Files\Java\jre1.8.0_161\lib\jfr.jar;C:\Program Files\Java\jre1.8.0_161\lib\ext\access-bridge-64.jar;C:\Program Files\Java\jre1.8.0_161\lib\ext\cldrdata.jar;C:\Program Files\Java\jre1.8.0_161\lib\ext\dnsns.jar;C:\Program Files\Java\jre1.8.0_161\lib\ext\jaccess.jar;C:\Program Files\Java\jre1.8.0_161\lib\ext\jfxrt.jar;C:\Program Files\Java\jre1.8.0_161\lib\ext\localedata.jar;C:\Program Files\Java\jre1.8.0_161\lib\ext\nashorn.jar;C:\Program Files\Java\jre1.8.0_161\lib\ext\sunec.jar;C:\Program Files\Java\jre1.8.0_161\lib\ext\sunjce_provider.jar;C:\Program Files\Java\jre1.8.0_161\lib\ext\sunmscapi.jar;C:\Program Files\Java\jre1.8.0_161\lib\ext\sunpkcs11.jar;C:\Program Files\Java\jre1.8.0_161\lib\ext\zipfs.jar;D:\git\ISNPlatformer\Platformer-desktop\bin;D:\git\ISNPlatformer\Platformer-core\bin;C:\Users\Carlos\.gradle\caches\modules-2\files-2.1\com.badlogicgames.gdx\gdx\1.9.8\a35a0076fbce873f9c2d5a1a1c8066244231bb3c\gdx-1.9.8.jar;C:\Users\Carlos\.gradle\caches\modules-2\files-2.1\com.badlogicgames.gdx\gdx-box2d\1.9.8\6f0497b7958216464101adfb7bdc3a0f7b88d6d3\gdx-box2d-1.9.8.jar;C:\Users\Carlos\.gradle\caches\modules-2\files-2.1\com.badlogicgames.gdx\gdx-backend-lwjgl\1.9.8\b7c138f14ed67ad830ae7597da3d86ae02b20eee\gdx-backend-lwjgl-1.9.8.jar;C:\Users\Carlos\.gradle\caches\modules-2\files-2.1\com.badlogicgames.gdx\gdx-platform\1.9.8\604a2ef2c7c92a5900114757cbd3fb4dcbb8270c\gdx-platform-1.9.8-natives-desktop.jar;C:\Users\Carlos\.gradle\caches\modules-2\files-2.1\com.badlogicgames.gdx\gdx-box2d-platform\1.9.8\3195b56f82751d7cd7de85edb6824d17bf479781\gdx-box2d-platform-1.9.8-natives-desktop.jar;C:\Users\Carlos\.gradle\caches\modules-2\files-2.1\org.lwjgl.lwjgl\lwjgl\2.9.2\a9d80fe5935c7a9149f6584d977
Launcher Type: SUN_STANDARD

Environment Variables:
PATH=C:/Program Files/Java/jre1.8.0_161/bin/server;C:/Program Files/Java/jre1.8.0_161/bin;C:/Program Files/Java/jre1.8.0_161/lib/amd64;C:\ProgramData\Oracle\Java\javapath;C:\WINDOWS\system32;C:\WINDOWS;C:\WINDOWS\System32\Wbem;C:\WINDOWS\System32\WindowsPowerShell\v1.0\;C:\Program Files (x86)\NVIDIA Corporation\PhysX\Common;C:\Program Files\Common Files\Autodesk Shared\;C:\Program Files (x86)\Skype\Phone\;%SystemRoot%\system32;%SystemRoot%;%SystemRoot%\System32\Wbem;%SYSTEMROOT%\System32\WindowsPowerShell\v1.0\;%SYSTEMROOT%\System32\OpenSSH\;C:\Users\Carlos\AppData\Local\Microsoft\WindowsApps;;C:\Users\Carlos\Desktop;
USERNAME=Carlos
OS=Windows_NT
PROCESSOR_IDENTIFIER=Intel64 Family 6 Model 42 Stepping 7, GenuineIntel



---------------  S Y S T E M  ---------------

OS: Windows 10.0 , 64 bit Build 17134 (10.0.17134.1)

CPU:total 8 (initial active 8) (4 cores per cpu, 2 threads per core) family 6 model 42 stepping 7, cmov, cx8, fxsr, mmx, sse, sse2, sse3, ssse3, sse4.1, sse4.2, popcnt, avx, aes, clmul, ht, tsc, tscinvbit

Memory: 4k page, physical 16753796k(11175464k free), swap 19768452k(12921820k free)

vm_info: Java HotSpot(TM) 64-Bit Server VM (25.161-b12) for windows-amd64 JRE (1.8.0_161-b12), built on Dec 19 2017 17:52:25 by "java_re" with MS VC++ 10.0 (VS2010)

time: Wed May 09 22:25:33 2018
elapsed time: 48 seconds (0d 0h 0m 48s)

