#
# A fatal error has been detected by the Java Runtime Environment:
#
#  EXCEPTION_ACCESS_VIOLATION (0xc0000005) at pc=0x0000000066bcbd0d, pid=13380, tid=0x0000000000003740
#
# JRE version: Java(TM) SE Runtime Environment (8.0_161-b12) (build 1.8.0_161-b12)
# Java VM: Java HotSpot(TM) 64-Bit Server VM (25.161-b12 mixed mode windows-amd64 compressed oops)
# Problematic frame:
# C  [gdx-box2d64.dll+0xbd0d]
#
# Failed to write core dump. Minidumps are not enabled by default on client versions of Windows
#
# If you would like to submit a bug report, please visit:
#   http://bugreport.java.com/bugreport/crash.jsp
# The crash happened outside the Java Virtual Machine in native code.
# See problematic frame for where to report the bug.
#

---------------  T H R E A D  ---------------

Current thread (0x00000000219cb800):  JavaThread "LWJGL Application" [_thread_in_native, id=14144, stack(0x0000000022730000,0x0000000022830000)]

siginfo: ExceptionCode=0xc0000005, reading address 0x00000020223fc560

Registers:
RAX=0x00000020223fc560, RBX=0x00000000223ce4e0, RCX=0x00000000223ce4b0, RDX=0x00000000000000b8
RSP=0x000000002282e9a0, RBP=0x0000000000000006, RSI=0x00000000223ce4b0, RDI=0x000000002282ea60
R8 =0x00000000223ce4b0, R9 =0x0000000000000002, R10=0x0000000000000000, R11=0x0000000000000001
R12=0x0000000000000000, R13=0x000000001e25b278, R14=0x000000002282ec48, R15=0x00000000219cb800
RIP=0x0000000066bcbd0d, EFLAGS=0x0000000000010206

Top of Stack: (sp=0x000000002282e9a0)
0x000000002282e9a0:   000000001e25b278 00000000219cb800
0x000000002282e9b0:   000000005f32c198 0000000021c33a90
0x000000002282e9c0:   0000000000000012 00000000223ce4b0
0x000000002282e9d0:   000000001dc20468 000000002282ea60
0x000000002282e9e0:   000000002282eba0 0000000000000000
0x000000002282e9f0:   000000001e25b278 0000000066be2483
0x000000002282ea00:   000000002282eaa0 000000002282eaa0
0x000000002282ea10:   0000000000000003 000000001e25b278
0x000000002282ea20:   0000000000000001 000000001dc20468
0x000000002282ea30:   0000000004b27b30 0000000066be8616
0x000000002282ea40:   0000000000000000 0000000004b27b30
0x000000002282ea50:   000000002282eba0 0000000004b25798
0x000000002282ea60:   40e6008d00000002 000000003e666664
0x000000002282ea70:   0000000000000000 0000000000000000
0x000000002282ea80:   0000010100000000 000000002282ec01
0x000000002282ea90:   0000000000000000 000000003f800000 

Instructions: (pc=0x0000000066bcbd0d)
0x0000000066bcbced:   48 8d 05 6c a3 05 00 0f b6 1c 18 80 fb 0d 0f b6
0x0000000066bcbcfd:   eb 77 21 48 8d 1c de 48 8b 43 10 48 85 c0 74 3a
0x0000000066bcbd0d:   48 8b 10 48 89 53 10 48 83 c4 28 5b 5e 5f 5d 41
0x0000000066bcbd1d:   5c 41 5d c3 48 8d 15 18 9e 04 00 48 8d 0d 99 9e 


Register to memory mapping:

RAX=0x00000020223fc560 is an unknown value
RBX=0x00000000223ce4e0 is an unknown value
RCX=0x00000000223ce4b0 is an unknown value
RDX=0x00000000000000b8 is an unknown value
RSP=0x000000002282e9a0 is pointing into the stack for thread: 0x00000000219cb800
RBP=0x0000000000000006 is an unknown value
RSI=0x00000000223ce4b0 is an unknown value
RDI=0x000000002282ea60 is pointing into the stack for thread: 0x00000000219cb800
R8 =0x00000000223ce4b0 is an unknown value
R9 =0x0000000000000002 is an unknown value
R10=0x0000000000000000 is an unknown value
R11=0x0000000000000001 is an unknown value
R12=0x0000000000000000 is an unknown value
R13={method} {0x000000001e25b280} 'jniCreateBody' '(JIFFFFFFFFZZZZZF)J' in 'com/badlogic/gdx/physics/box2d/World'
R14=0x000000002282ec48 is pointing into the stack for thread: 0x00000000219cb800
R15=0x00000000219cb800 is a thread


Stack: [0x0000000022730000,0x0000000022830000],  sp=0x000000002282e9a0,  free space=1018k
Native frames: (J=compiled Java code, j=interpreted, Vv=VM code, C=native code)
C  [gdx-box2d64.dll+0xbd0d]
C  [gdx-box2d64.dll+0x22483]
C  [gdx-box2d64.dll+0x28616]
C  0x0000000004b38c67

Java frames: (J=compiled Java code, j=interpreted, Vv=VM code)
j  com.badlogic.gdx.physics.box2d.World.jniCreateBody(JIFFFFFFFFZZZZZF)J+0
j  com.badlogic.gdx.physics.box2d.World.createBody(Lcom/badlogic/gdx/physics/box2d/BodyDef;)Lcom/badlogic/gdx/physics/box2d/Body;+80
j  com.isn.platformer.Sprites.Laser.defineFireBall()V+67
j  com.isn.platformer.Sprites.Laser.<init>(Lcom/isn/platformer/Screens/PlayScreen;FFZ)V+54
j  com.isn.platformer.Sprites.Chell.fire()V+44
J 824 C1 com.isn.platformer.Screens.PlayScreen.handleInput(F)V (318 bytes) @ 0x0000000004e4fa6c [0x0000000004e4f740+0x32c]
J 823 C1 com.isn.platformer.Screens.PlayScreen.update(F)V (152 bytes) @ 0x0000000004e4b9fc [0x0000000004e4b960+0x9c]
J 822 C1 com.isn.platformer.Screens.PlayScreen.render(F)V (145 bytes) @ 0x0000000004e47eec [0x0000000004e47e60+0x8c]
J 819 C1 com.isn.platformer.Platformer.render()V (5 bytes) @ 0x0000000004e44ba4 [0x0000000004e449e0+0x1c4]
j  com.badlogic.gdx.backends.lwjgl.LwjglApplication.mainLoop()V+698
j  com.badlogic.gdx.backends.lwjgl.LwjglApplication$1.run()V+27
v  ~StubRoutines::call_stub

---------------  P R O C E S S  ---------------

Java Threads: ( => current thread )
  0x0000000021a6c800 JavaThread "LWJGL Timer" daemon [_thread_blocked, id=15844, stack(0x00000000235f0000,0x00000000236f0000)]
  0x0000000004b1e800 JavaThread "DestroyJavaVM" [_thread_blocked, id=3240, stack(0x0000000004840000,0x0000000004940000)]
=>0x00000000219cb800 JavaThread "LWJGL Application" [_thread_in_native, id=14144, stack(0x0000000022730000,0x0000000022830000)]
  0x00000000205db000 JavaThread "Service Thread" daemon [_thread_blocked, id=4708, stack(0x0000000021220000,0x0000000021320000)]
  0x0000000020539800 JavaThread "C1 CompilerThread3" daemon [_thread_blocked, id=1164, stack(0x0000000021120000,0x0000000021220000)]
  0x0000000020530800 JavaThread "C2 CompilerThread2" daemon [_thread_blocked, id=13184, stack(0x0000000021020000,0x0000000021120000)]
  0x000000002052f800 JavaThread "C2 CompilerThread1" daemon [_thread_blocked, id=14920, stack(0x0000000020f20000,0x0000000021020000)]
  0x000000002052b000 JavaThread "C2 CompilerThread0" daemon [_thread_blocked, id=10032, stack(0x0000000020e20000,0x0000000020f20000)]
  0x000000002052a000 JavaThread "Attach Listener" daemon [_thread_blocked, id=6836, stack(0x0000000020d20000,0x0000000020e20000)]
  0x0000000020528800 JavaThread "Signal Dispatcher" daemon [_thread_blocked, id=13144, stack(0x0000000020c20000,0x0000000020d20000)]
  0x0000000020520800 JavaThread "Finalizer" daemon [_thread_blocked, id=10172, stack(0x0000000020900000,0x0000000020a00000)]
  0x0000000004a7a000 JavaThread "Reference Handler" daemon [_thread_blocked, id=5068, stack(0x0000000020400000,0x0000000020500000)]

Other Threads:
  0x000000001e609800 VMThread [stack: 0x0000000020300000,0x0000000020400000] [id=1940]
  0x00000000205e4000 WatcherThread [stack: 0x0000000021480000,0x0000000021580000] [id=15576]

VM state:not at safepoint (normal execution)

VM Mutex/Monitor currently owned by a thread: None

Heap:
 PSYoungGen      total 76288K, used 18777K [0x000000076ac00000, 0x0000000770100000, 0x00000007c0000000)
  eden space 65536K, 28% used [0x000000076ac00000,0x000000076be567a0,0x000000076ec00000)
  from space 10752K, 0% used [0x000000076f680000,0x000000076f680000,0x0000000770100000)
  to   space 10752K, 0% used [0x000000076ec00000,0x000000076ec00000,0x000000076f680000)
 ParOldGen       total 175104K, used 0K [0x00000006c0400000, 0x00000006caf00000, 0x000000076ac00000)
  object space 175104K, 0% used [0x00000006c0400000,0x00000006c0400000,0x00000006caf00000)
 Metaspace       used 7446K, capacity 7683K, committed 7936K, reserved 1056768K
  class space    used 706K, capacity 720K, committed 768K, reserved 1048576K

Card table byte_map: [0x0000000013ee0000,0x00000000146e0000] byte_map_base: 0x00000000108de000

Marking Bits: (ParMarkBitMap*) 0x000000005f50f860
 Begin Bits: [0x0000000015440000, 0x0000000019430000)
 End Bits:   [0x0000000019430000, 0x000000001d420000)

Polling page: 0x00000000007e0000

CodeCache: size=245760Kb used=3354Kb max_used=3363Kb free=242405Kb
 bounds [0x0000000004b20000, 0x0000000004e70000, 0x0000000013b20000]
 total_blobs=1341 nmethods=859 adapters=395
 compilation: enabled

Compilation events (10 events):
Event: 27.228 Thread 0x0000000020539800  855       1       java.nio.HeapByteBuffer::_put (8 bytes)
Event: 27.228 Thread 0x0000000020539800 nmethod 855 0x0000000004e69210 code [0x0000000004e69360, 0x0000000004e69490]
Event: 27.228 Thread 0x0000000020539800  856       1       java.nio.HeapByteBuffer::_get (7 bytes)
Event: 27.228 Thread 0x0000000020539800 nmethod 856 0x0000000004e68ed0 code [0x0000000004e69020, 0x0000000004e69150]
Event: 28.180 Thread 0x000000002052b000  857       4       java.nio.Buffer::clear (20 bytes)
Event: 28.181 Thread 0x000000002052b000 nmethod 857 0x0000000004e60910 code [0x0000000004e60a40, 0x0000000004e60ab8]
Event: 28.598 Thread 0x0000000020539800  858       3       java.nio.Buffer::nextPutIndex (38 bytes)
Event: 28.598 Thread 0x0000000020539800 nmethod 858 0x0000000004e61bd0 code [0x0000000004e61d40, 0x0000000004e61f68]
Event: 28.598 Thread 0x0000000020539800  859       3       java.nio.Buffer::nextGetIndex (38 bytes)
Event: 28.598 Thread 0x0000000020539800 nmethod 859 0x0000000004e61750 code [0x0000000004e618c0, 0x0000000004e61ae8]

GC Heap History (0 events):
No events

Deoptimization events (1 events):
Event: 0.138 Thread 0x0000000004b1e800 Uncommon trap: reason=unstable_if action=reinterpret pc=0x0000000004c44e84 method=java.lang.String.hashCode()I @ 14

Classes redefined (0 events):
No events

Internal exceptions (10 events):
Event: 0.205 Thread 0x0000000004b1e800 Exception <a 'java/security/PrivilegedActionException'> (0x000000076af9a690) thrown at [C:\re\workspace\8-2-build-windows-amd64-cygwin\jdk8u161\10277\hotspot\src\share\vm\prims\jvm.cpp, line 1390]
Event: 0.206 Thread 0x0000000004b1e800 Exception <a 'java/security/PrivilegedActionException'> (0x000000076af9a8a0) thrown at [C:\re\workspace\8-2-build-windows-amd64-cygwin\jdk8u161\10277\hotspot\src\share\vm\prims\jvm.cpp, line 1390]
Event: 0.206 Thread 0x0000000004b1e800 Exception <a 'java/security/PrivilegedActionException'> (0x000000076af9e510) thrown at [C:\re\workspace\8-2-build-windows-amd64-cygwin\jdk8u161\10277\hotspot\src\share\vm\prims\jvm.cpp, line 1390]
Event: 0.206 Thread 0x0000000004b1e800 Exception <a 'java/security/PrivilegedActionException'> (0x000000076af9e720) thrown at [C:\re\workspace\8-2-build-windows-amd64-cygwin\jdk8u161\10277\hotspot\src\share\vm\prims\jvm.cpp, line 1390]
Event: 0.410 Thread 0x0000000004b1e800 Exception <a 'java/security/PrivilegedActionException'> (0x000000076b0d2050) thrown at [C:\re\workspace\8-2-build-windows-amd64-cygwin\jdk8u161\10277\hotspot\src\share\vm\prims\jvm.cpp, line 1390]
Event: 0.411 Thread 0x0000000004b1e800 Exception <a 'java/security/PrivilegedActionException'> (0x000000076b0d3d28) thrown at [C:\re\workspace\8-2-build-windows-amd64-cygwin\jdk8u161\10277\hotspot\src\share\vm\prims\jvm.cpp, line 1390]
Event: 0.411 Thread 0x0000000004b1e800 Exception <a 'java/security/PrivilegedActionException'> (0x000000076b0d4e98) thrown at [C:\re\workspace\8-2-build-windows-amd64-cygwin\jdk8u161\10277\hotspot\src\share\vm\prims\jvm.cpp, line 1390]
Event: 0.411 Thread 0x0000000004b1e800 Exception <a 'java/security/PrivilegedActionException'> (0x000000076b0da000) thrown at [C:\re\workspace\8-2-build-windows-amd64-cygwin\jdk8u161\10277\hotspot\src\share\vm\prims\jvm.cpp, line 1390]
Event: 0.411 Thread 0x0000000004b1e800 Exception <a 'java/security/PrivilegedActionException'> (0x000000076b0dac58) thrown at [C:\re\workspace\8-2-build-windows-amd64-cygwin\jdk8u161\10277\hotspot\src\share\vm\prims\jvm.cpp, line 1390]
Event: 0.411 Thread 0x0000000004b1e800 Exception <a 'java/security/PrivilegedActionException'> (0x000000076b0db880) thrown at [C:\re\workspace\8-2-build-windows-amd64-cygwin\jdk8u161\10277\hotspot\src\share\vm\prims\jvm.cpp, line 1390]

Events (10 events):
Event: 3.672 loading class com/badlogic/gdx/backends/lwjgl/LwjglInput$KeyEvent
Event: 3.672 loading class com/badlogic/gdx/backends/lwjgl/LwjglInput$KeyEvent done
Event: 4.041 loading class com/isn/platformer/Sprites/Laser
Event: 4.041 loading class com/isn/platformer/Sprites/Laser done
Event: 4.128 Executing VM operation: EnableBiasedLocking
Event: 4.128 Executing VM operation: EnableBiasedLocking done
Event: 5.256 Thread 0x00000000219cb800 DEOPT PACKING pc=0x0000000004dd123f sp=0x000000002282f000
Event: 5.256 Thread 0x00000000219cb800 DEOPT UNPACKING pc=0x0000000004b67890 sp=0x000000002282ee10 mode 0
Event: 5.973 Thread 0x00000000219cb800 DEOPT PACKING pc=0x0000000004db8629 sp=0x000000002282eee0
Event: 5.974 Thread 0x00000000219cb800 DEOPT UNPACKING pc=0x0000000004b67890 sp=0x000000002282eb80 mode 0


Dynamic libraries:
0x00007ff67aa90000 - 0x00007ff67aac7000 	C:\Program Files\Java\jre1.8.0_161\bin\javaw.exe
0x00007ff9d3240000 - 0x00007ff9d3420000 	C:\WINDOWS\SYSTEM32\ntdll.dll
0x00007ff9d0710000 - 0x00007ff9d07be000 	C:\WINDOWS\System32\KERNEL32.DLL
0x00007ff9d04a0000 - 0x00007ff9d0706000 	C:\WINDOWS\System32\KERNELBASE.dll
0x00007ff9d2fd0000 - 0x00007ff9d3071000 	C:\WINDOWS\System32\ADVAPI32.dll
0x00007ff9d19d0000 - 0x00007ff9d1a6d000 	C:\WINDOWS\System32\msvcrt.dll
0x00007ff9d1970000 - 0x00007ff9d19cb000 	C:\WINDOWS\System32\sechost.dll
0x00007ff9d0ab0000 - 0x00007ff9d0bcf000 	C:\WINDOWS\System32\RPCRT4.dll
0x00007ff9d3080000 - 0x00007ff9d320f000 	C:\WINDOWS\System32\USER32.dll
0x00007ff9d0480000 - 0x00007ff9d04a0000 	C:\WINDOWS\System32\win32u.dll
0x00007ff9d0980000 - 0x00007ff9d09a8000 	C:\WINDOWS\System32\GDI32.dll
0x00007ff9cfa30000 - 0x00007ff9cfbc3000 	C:\WINDOWS\System32\gdi32full.dll
0x00007ff9cf810000 - 0x00007ff9cf8ab000 	C:\WINDOWS\System32\msvcp_win.dll
0x00007ff9d0380000 - 0x00007ff9d0476000 	C:\WINDOWS\System32\ucrtbase.dll
0x00007ff9c49a0000 - 0x00007ff9c4c09000 	C:\WINDOWS\WinSxS\amd64_microsoft.windows.common-controls_6595b64144ccf1df_6.0.16299.371_none_15c7d1789365a290\COMCTL32.dll
0x00007ff9d0c70000 - 0x00007ff9d0f78000 	C:\WINDOWS\System32\combase.dll
0x00007ff9cf9b0000 - 0x00007ff9cfa22000 	C:\WINDOWS\System32\bcryptPrimitives.dll
0x00007ff9d0a80000 - 0x00007ff9d0aad000 	C:\WINDOWS\System32\IMM32.DLL
0x000000005ea40000 - 0x000000005eb12000 	C:\Program Files\Java\jre1.8.0_161\bin\msvcr100.dll
0x000000005ecf0000 - 0x000000005f58f000 	C:\Program Files\Java\jre1.8.0_161\bin\server\jvm.dll
0x00007ff9d0820000 - 0x00007ff9d0828000 	C:\WINDOWS\System32\PSAPI.DLL
0x00007ff9cb040000 - 0x00007ff9cb049000 	C:\WINDOWS\SYSTEM32\WSOCK32.dll
0x00007ff9cd870000 - 0x00007ff9cd893000 	C:\WINDOWS\SYSTEM32\WINMM.dll
0x00007ff9d15f0000 - 0x00007ff9d165c000 	C:\WINDOWS\System32\WS2_32.dll
0x00007ff9c71d0000 - 0x00007ff9c71da000 	C:\WINDOWS\SYSTEM32\VERSION.dll
0x00007ff9cd520000 - 0x00007ff9cd54a000 	C:\WINDOWS\SYSTEM32\WINMMBASE.dll
0x00007ff9cf8b0000 - 0x00007ff9cf8fa000 	C:\WINDOWS\System32\cfgmgr32.dll
0x000000005ec00000 - 0x000000005ec0f000 	C:\Program Files\Java\jre1.8.0_161\bin\verify.dll
0x000000005ebd0000 - 0x000000005ebf9000 	C:\Program Files\Java\jre1.8.0_161\bin\java.dll
0x000000005ebb0000 - 0x000000005ebc6000 	C:\Program Files\Java\jre1.8.0_161\bin\zip.dll
0x00007ff9d1a80000 - 0x00007ff9d2eb6000 	C:\WINDOWS\System32\SHELL32.dll
0x00007ff9d18c0000 - 0x00007ff9d1966000 	C:\WINDOWS\System32\shcore.dll
0x00007ff9cfc30000 - 0x00007ff9d0377000 	C:\WINDOWS\System32\windows.storage.dll
0x00007ff9d16c0000 - 0x00007ff9d1711000 	C:\WINDOWS\System32\shlwapi.dll
0x00007ff9cf5d0000 - 0x00007ff9cf5e1000 	C:\WINDOWS\System32\kernel.appcore.dll
0x00007ff9cf5f0000 - 0x00007ff9cf63c000 	C:\WINDOWS\System32\powrprof.dll
0x00007ff9cf590000 - 0x00007ff9cf5ab000 	C:\WINDOWS\System32\profapi.dll
0x0000000065580000 - 0x0000000065616000 	C:\Users\Carlos\AppData\Local\Temp\libgdxCarlos\12dfaa03\gdx64.dll
0x00007ff9cefe0000 - 0x00007ff9ceff7000 	C:\WINDOWS\SYSTEM32\CRYPTSP.dll
0x00007ff9cea20000 - 0x00007ff9cea53000 	C:\WINDOWS\system32\rsaenh.dll
0x00007ff9cf0f0000 - 0x00007ff9cf115000 	C:\WINDOWS\SYSTEM32\bcrypt.dll
0x00007ff9cf490000 - 0x00007ff9cf4b9000 	C:\WINDOWS\SYSTEM32\USERENV.dll
0x00007ff9cf000000 - 0x00007ff9cf00b000 	C:\WINDOWS\SYSTEM32\CRYPTBASE.dll
0x000000005eb90000 - 0x000000005ebaa000 	C:\Program Files\Java\jre1.8.0_161\bin\net.dll
0x00007ff9cee20000 - 0x00007ff9cee86000 	C:\WINDOWS\system32\mswsock.dll
0x00007ff9cebb0000 - 0x00007ff9cebe9000 	C:\WINDOWS\SYSTEM32\IPHLPAPI.DLL
0x00007ff9d1a70000 - 0x00007ff9d1a78000 	C:\WINDOWS\System32\NSI.dll
0x00007ff9c7900000 - 0x00007ff9c7916000 	C:\WINDOWS\SYSTEM32\dhcpcsvc6.DLL
0x00007ff9c73c0000 - 0x00007ff9c73da000 	C:\WINDOWS\SYSTEM32\dhcpcsvc.DLL
0x000000005eb70000 - 0x000000005eb81000 	C:\Program Files\Java\jre1.8.0_161\bin\nio.dll
0x0000000180000000 - 0x0000000180053000 	C:\Users\Carlos\AppData\Local\Temp\libgdxCarlos\dc0f0009\lwjgl64.dll
0x00007ff9a2900000 - 0x00007ff9a2a1e000 	C:\WINDOWS\SYSTEM32\OPENGL32.dll
0x00007ff9c5440000 - 0x00007ff9c546c000 	C:\WINDOWS\SYSTEM32\GLU32.dll
0x0000000022100000 - 0x0000000022164000 	C:\Users\Carlos\AppData\Local\Temp\libgdxCarlos\dc0f0009\OpenAL64.dll
0x00007ff9d0830000 - 0x00007ff9d0979000 	C:\WINDOWS\System32\ole32.dll
0x00007ff9cdd60000 - 0x00007ff9cddf5000 	C:\WINDOWS\system32\uxtheme.dll
0x00007ff9d0bd0000 - 0x00007ff9d0c6e000 	C:\WINDOWS\System32\clbcatq.dll
0x00007ff9cc3b0000 - 0x00007ff9cc561000 	C:\WINDOWS\System32\PROPSYS.dll
0x00007ff9d09b0000 - 0x00007ff9d0a75000 	C:\WINDOWS\System32\OLEAUT32.dll
0x00007ff9a4030000 - 0x00007ff9a40bf000 	C:\WINDOWS\SYSTEM32\dsound.dll
0x00007ff9c7890000 - 0x00007ff9c78ff000 	C:\WINDOWS\System32\MMDevApi.dll
0x00007ff9cf3a0000 - 0x00007ff9cf3c7000 	C:\WINDOWS\System32\DEVOBJ.dll
0x00007ff9a35d0000 - 0x00007ff9a36f2000 	C:\WINDOWS\SYSTEM32\AUDIOSES.DLL
0x00007ff9cb3c0000 - 0x00007ff9cb4f6000 	C:\WINDOWS\SYSTEM32\wintypes.dll
0x00007ff9cad20000 - 0x00007ff9cad2a000 	C:\WINDOWS\SYSTEM32\AVRT.dll
0x00007ff9d1480000 - 0x00007ff9d15e7000 	C:\WINDOWS\System32\MSCTF.dll
0x00007ff9cde30000 - 0x00007ff9cde5a000 	C:\WINDOWS\system32\dwmapi.dll
0x00007ff9cad30000 - 0x00007ff9cad37000 	C:\Windows\System32\OskSupport.dll
0x00007ff9c7050000 - 0x00007ff9c70e8000 	C:\WINDOWS\System32\TextInputFramework.dll
0x00007ff9cd2b0000 - 0x00007ff9cd38c000 	C:\WINDOWS\System32\CoreMessaging.dll
0x00007ff9ca5f0000 - 0x00007ff9ca8de000 	C:\WINDOWS\System32\CoreUIComponents.dll
0x00007ff9ce6c0000 - 0x00007ff9ce6f1000 	C:\WINDOWS\SYSTEM32\ntmarta.dll
0x000000005c8a0000 - 0x000000005ea38000 	C:\WINDOWS\SYSTEM32\nvoglv64.DLL
0x00007ff9d1000000 - 0x00007ff9d144e000 	C:\WINDOWS\System32\SETUPAPI.dll
0x00007ff9cc390000 - 0x00007ff9cc3a3000 	C:\WINDOWS\SYSTEM32\WTSAPI32.dll
0x00007ff9cfbd0000 - 0x00007ff9cfc28000 	C:\WINDOWS\System32\WINTRUST.dll
0x00007ff9cf5b0000 - 0x00007ff9cf5c2000 	C:\WINDOWS\System32\MSASN1.dll
0x00007ff9cf640000 - 0x00007ff9cf80e000 	C:\WINDOWS\System32\CRYPT32.dll
0x00007ff9c8310000 - 0x00007ff9c83a7000 	C:\WINDOWS\SYSTEM32\mscms.dll
0x00007ff9c6820000 - 0x00007ff9c6861000 	C:\WINDOWS\SYSTEM32\icm32.dll
0x00007ff9c5ef0000 - 0x00007ff9c60f6000 	C:\Windows\System32\uiautomationcore.dll
0x00007ff9c99b0000 - 0x00007ff9c9a1e000 	C:\Windows\System32\OLEACC.dll
0x00007ff9ce730000 - 0x00007ff9ce785000 	C:\WINDOWS\SYSTEM32\WINSTA.dll
0x00007ff9ce3f0000 - 0x00007ff9ce49f000 	C:\WINDOWS\SYSTEM32\dxgi.dll
0x00007ff9cca00000 - 0x00007ff9ccce2000 	C:\WINDOWS\SYSTEM32\d3d11.dll
0x00007ff9a5510000 - 0x00007ff9a6cbe000 	C:\WINDOWS\System32\DriverStore\FileRepository\nvami.inf_amd64_79f909bfbbd7ec05\nvwgf2umx.dll
0x00007ff9c1170000 - 0x00007ff9c132d000 	C:\WINDOWS\system32\nvspcap64.dll
0x0000000066bc0000 - 0x0000000066c7b000 	C:\Users\Carlos\AppData\Local\Temp\libgdxCarlos\54593449\gdx-box2d64.dll
0x00007ff9b9a40000 - 0x00007ff9b9c08000 	C:\WINDOWS\SYSTEM32\dbghelp.dll

VM Arguments:
jvm_args: -Dfile.encoding=Cp1252 
java_command: com.isn.platformer.desktop.DesktopLauncher
java_class_path (initial): C:\Program Files\Java\jre1.8.0_161\lib\resources.jar;C:\Program Files\Java\jre1.8.0_161\lib\rt.jar;C:\Program Files\Java\jre1.8.0_161\lib\jsse.jar;C:\Program Files\Java\jre1.8.0_161\lib\jce.jar;C:\Program Files\Java\jre1.8.0_161\lib\charsets.jar;C:\Program Files\Java\jre1.8.0_161\lib\jfr.jar;C:\Program Files\Java\jre1.8.0_161\lib\ext\access-bridge-64.jar;C:\Program Files\Java\jre1.8.0_161\lib\ext\cldrdata.jar;C:\Program Files\Java\jre1.8.0_161\lib\ext\dnsns.jar;C:\Program Files\Java\jre1.8.0_161\lib\ext\jaccess.jar;C:\Program Files\Java\jre1.8.0_161\lib\ext\jfxrt.jar;C:\Program Files\Java\jre1.8.0_161\lib\ext\localedata.jar;C:\Program Files\Java\jre1.8.0_161\lib\ext\nashorn.jar;C:\Program Files\Java\jre1.8.0_161\lib\ext\sunec.jar;C:\Program Files\Java\jre1.8.0_161\lib\ext\sunjce_provider.jar;C:\Program Files\Java\jre1.8.0_161\lib\ext\sunmscapi.jar;C:\Program Files\Java\jre1.8.0_161\lib\ext\sunpkcs11.jar;C:\Program Files\Java\jre1.8.0_161\lib\ext\zipfs.jar;D:\git\ISNPlatformer\Platformer-desktop\bin;D:\git\ISNPlatformer\Platformer-core\bin;C:\Users\Carlos\.gradle\caches\modules-2\files-2.1\com.badlogicgames.gdx\gdx\1.9.8\a35a0076fbce873f9c2d5a1a1c8066244231bb3c\gdx-1.9.8.jar;C:\Users\Carlos\.gradle\caches\modules-2\files-2.1\com.badlogicgames.gdx\gdx-box2d\1.9.8\6f0497b7958216464101adfb7bdc3a0f7b88d6d3\gdx-box2d-1.9.8.jar;C:\Users\Carlos\.gradle\caches\modules-2\files-2.1\com.badlogicgames.gdx\gdx-backend-lwjgl\1.9.8\b7c138f14ed67ad830ae7597da3d86ae02b20eee\gdx-backend-lwjgl-1.9.8.jar;C:\Users\Carlos\.gradle\caches\modules-2\files-2.1\com.badlogicgames.gdx\gdx-platform\1.9.8\604a2ef2c7c92a5900114757cbd3fb4dcbb8270c\gdx-platform-1.9.8-natives-desktop.jar;C:\Users\Carlos\.gradle\caches\modules-2\files-2.1\com.badlogicgames.gdx\gdx-box2d-platform\1.9.8\3195b56f82751d7cd7de85edb6824d17bf479781\gdx-box2d-platform-1.9.8-natives-desktop.jar;C:\Users\Carlos\.gradle\caches\modules-2\files-2.1\org.lwjgl.lwjgl\lwjgl\2.9.2\a9d80fe5935c7a9149f6584d977
Launcher Type: SUN_STANDARD

Environment Variables:
PATH=C:/Program Files/Java/jre1.8.0_161/bin/server;C:/Program Files/Java/jre1.8.0_161/bin;C:/Program Files/Java/jre1.8.0_161/lib/amd64;C:\ProgramData\Oracle\Java\javapath;C:\WINDOWS\system32;C:\WINDOWS;C:\WINDOWS\System32\Wbem;C:\WINDOWS\System32\WindowsPowerShell\v1.0\;C:\Program Files (x86)\NVIDIA Corporation\PhysX\Common;C:\Program Files\Common Files\Autodesk Shared\;C:\Program Files (x86)\Skype\Phone\;%SystemRoot%\system32;%SystemRoot%;%SystemRoot%\System32\Wbem;%SYSTEMROOT%\System32\WindowsPowerShell\v1.0\;C:\Users\Carlos\AppData\Local\Microsoft\WindowsApps;;C:\Users\Carlos\Desktop;
USERNAME=Carlos
OS=Windows_NT
PROCESSOR_IDENTIFIER=Intel64 Family 6 Model 42 Stepping 7, GenuineIntel



---------------  S Y S T E M  ---------------

OS: Windows 10.0 , 64 bit Build 16299 (10.0.16299.15)

CPU:total 8 (initial active 8) (4 cores per cpu, 2 threads per core) family 6 model 42 stepping 7, cmov, cx8, fxsr, mmx, sse, sse2, sse3, ssse3, sse4.1, sse4.2, popcnt, avx, aes, clmul, ht, tsc, tscinvbit

Memory: 4k page, physical 16753796k(10565724k free), swap 19244164k(11477060k free)

vm_info: Java HotSpot(TM) 64-Bit Server VM (25.161-b12) for windows-amd64 JRE (1.8.0_161-b12), built on Dec 19 2017 17:52:25 by "java_re" with MS VC++ 10.0 (VS2010)

time: Tue May 08 23:05:43 2018
elapsed time: 28 seconds (0d 0h 0m 28s)

