#
# A fatal error has been detected by the Java Runtime Environment:
#
#  EXCEPTION_ACCESS_VIOLATION (0xc0000005) at pc=0x0000000066be2430, pid=14408, tid=0x000000000000227c
#
# JRE version: Java(TM) SE Runtime Environment (8.0_161-b12) (build 1.8.0_161-b12)
# Java VM: Java HotSpot(TM) 64-Bit Server VM (25.161-b12 mixed mode windows-amd64 compressed oops)
# Problematic frame:
# C  [gdx-box2d64.dll+0x22430]
#
# Failed to write core dump. Minidumps are not enabled by default on client versions of Windows
#
# If you would like to submit a bug report, please visit:
#   http://bugreport.java.com/bugreport/crash.jsp
# The crash happened outside the Java Virtual Machine in native code.
# See problematic frame for where to report the bug.
#

---------------  T H R E A D  ---------------

Current thread (0x000000001f817000):  JavaThread "LWJGL Application" [_thread_in_native, id=8828, stack(0x0000000020460000,0x0000000020560000)]

siginfo: ExceptionCode=0xc0000005, writing address 0x00000000201a7fb8

Registers:
RAX=0x0000000066c1c8b0, RBX=0x000000002018ecb0, RCX=0x000000002018ecb0, RDX=0x000000002055f1b0
RSP=0x000000002055f188, RBP=0x000000002055f2a0, RSI=0x0000000000000004, RDI=0x0000000002a6835d
R8 =0x000000002018ecb0, R9 =0x0000000000000000, R10=0x0000000002a78c3b, R11=0x000000005656bcb0
R12=0x0000000000000000, R13=0x000000001c19ccb0, R14=0x000000002055f2e8, R15=0x000000001f817000
RIP=0x0000000066be2430, EFLAGS=0x0000000000010206

Top of Stack: (sp=0x000000002055f188)
0x000000002055f188:   0000000066be90a9 0000000002a6835d
0x000000002055f198:   000000076bb5e790 000000002055f1a0
0x000000002055f1a8:   000000001c1c20d1 0000000066c1c830
0x000000002055f1b8:   000000001f8171f8 000000002055f2e8
0x000000002055f1c8:   000000001c1c20f0 0000000066c1c8b0
0x000000002055f1d8:   000000001f8171f8 000000002055f2e8
0x000000002055f1e8:   0000000002a683a2 0000000000000000
0x000000002055f1f8:   0000000000000000 000000001c19ccb0
0x000000002055f208:   0000000002a78c67 000000001c1bf7d0
0x000000002055f218:   0000000000000000 000000001c1bef48
0x000000002055f228:   0000000000000000 0000000000000006
0x000000002055f238:   0000000000000002 0000000002a6835d
0x000000002055f248:   000000076bb4edf0 000000002055f250
0x000000002055f258:   000000001c1b6d2c 000000002055f260
0x000000002055f268:   0000000000000000 000000002055f2e8
0x000000002055f278:   000000001c1ace00 0000000000000000 

Instructions: (pc=0x0000000066be2430)
0x0000000066be2410:   28 c7 44 24 48 ff ff ff ff e8 62 19 01 00 90 90
0x0000000066be2420:   48 89 91 48 93 01 00 c3 0f 1f 84 00 00 00 00 00
0x0000000066be2430:   48 89 91 08 93 01 00 c3 0f 1f 84 00 00 00 00 00
0x0000000066be2440:   48 89 91 10 93 01 00 c3 0f 1f 84 00 00 00 00 00 


Register to memory mapping:

RAX=0x0000000066c1c8b0 is an unknown value
RBX=0x000000002018ecb0 is an unknown value
RCX=0x000000002018ecb0 is an unknown value
RDX=0x000000002055f1b0 is pointing into the stack for thread: 0x000000001f817000
RSP=0x000000002055f188 is pointing into the stack for thread: 0x000000001f817000
RBP=0x000000002055f2a0 is pointing into the stack for thread: 0x000000001f817000
RSI=0x0000000000000004 is an unknown value
RDI=0x0000000002a6835d is at code_begin+2301 in an Interpreter codelet
invoke return entry points  [0x0000000002a67a60, 0x0000000002a68440]  2528 bytes
R8 =0x000000002018ecb0 is an unknown value
R9 =0x0000000000000000 is an unknown value
R10=0x0000000002a78c3b is at code_begin+891 in an Interpreter codelet
method entry point (kind = native)  [0x0000000002a788c0, 0x0000000002a79280]  2496 bytes
R11=0x000000005656bcb0 is an unknown value
R12=0x0000000000000000 is an unknown value
R13={method} {0x000000001c19ccb8} 'jniStep' '(JFII)V' in 'com/badlogic/gdx/physics/box2d/World'
R14=0x000000002055f2e8 is pointing into the stack for thread: 0x000000001f817000
R15=0x000000001f817000 is a thread


Stack: [0x0000000020460000,0x0000000020560000],  sp=0x000000002055f188,  free space=1020k
Native frames: (J=compiled Java code, j=interpreted, Vv=VM code, C=native code)
C  [gdx-box2d64.dll+0x22430]
C  [gdx-box2d64.dll+0x290a9]
C  0x0000000002a78c67

Java frames: (J=compiled Java code, j=interpreted, Vv=VM code)
j  com.badlogic.gdx.physics.box2d.World.jniStep(JFII)V+0
j  com.badlogic.gdx.physics.box2d.World.step(FII)V+8
j  com.isn.platformer.Screens.PlayScreen.update(F)V+14
j  com.isn.platformer.Screens.PlayScreen.render(F)V+2
j  com.badlogic.gdx.Game.render()V+19
j  com.isn.platformer.Platformer.render()V+1
j  com.badlogic.gdx.backends.lwjgl.LwjglApplication.mainLoop()V+698
j  com.badlogic.gdx.backends.lwjgl.LwjglApplication$1.run()V+27
v  ~StubRoutines::call_stub

---------------  P R O C E S S  ---------------

Java Threads: ( => current thread )
  0x000000001f8ab000 JavaThread "LWJGL Timer" daemon [_thread_blocked, id=11980, stack(0x0000000028e60000,0x0000000028f60000)]
  0x00000000027ae800 JavaThread "DestroyJavaVM" [_thread_blocked, id=8648, stack(0x0000000002860000,0x0000000002960000)]
=>0x000000001f817000 JavaThread "LWJGL Application" [_thread_in_native, id=8828, stack(0x0000000020460000,0x0000000020560000)]
  0x000000001e4fd800 JavaThread "Service Thread" daemon [_thread_blocked, id=3332, stack(0x000000001f040000,0x000000001f140000)]
  0x000000001e461800 JavaThread "C1 CompilerThread3" daemon [_thread_blocked, id=10080, stack(0x000000001ef40000,0x000000001f040000)]
  0x000000001e45f000 JavaThread "C2 CompilerThread2" daemon [_thread_blocked, id=5484, stack(0x000000001ee40000,0x000000001ef40000)]
  0x000000001e453000 JavaThread "C2 CompilerThread1" daemon [_thread_blocked, id=4320, stack(0x000000001ed40000,0x000000001ee40000)]
  0x000000001e44e800 JavaThread "C2 CompilerThread0" daemon [_thread_blocked, id=7008, stack(0x000000001ec40000,0x000000001ed40000)]
  0x000000001e449000 JavaThread "Attach Listener" daemon [_thread_blocked, id=928, stack(0x000000001eb40000,0x000000001ec40000)]
  0x000000001e448800 JavaThread "Signal Dispatcher" daemon [_thread_blocked, id=10304, stack(0x000000001ea40000,0x000000001eb40000)]
  0x000000001e440800 JavaThread "Finalizer" daemon [_thread_blocked, id=8600, stack(0x000000001e820000,0x000000001e920000)]
  0x000000001c54d800 JavaThread "Reference Handler" daemon [_thread_blocked, id=7832, stack(0x000000001e320000,0x000000001e420000)]

Other Threads:
  0x000000001c548800 VMThread [stack: 0x000000001e220000,0x000000001e320000] [id=9448]
  0x000000001e508000 WatcherThread [stack: 0x000000001f2b0000,0x000000001f3b0000] [id=10356]

VM state:not at safepoint (normal execution)

VM Mutex/Monitor currently owned by a thread: None

Heap:
 PSYoungGen      total 76288K, used 18694K [0x000000076ac00000, 0x0000000770100000, 0x00000007c0000000)
  eden space 65536K, 28% used [0x000000076ac00000,0x000000076be418f8,0x000000076ec00000)
  from space 10752K, 0% used [0x000000076f680000,0x000000076f680000,0x0000000770100000)
  to   space 10752K, 0% used [0x000000076ec00000,0x000000076ec00000,0x000000076f680000)
 ParOldGen       total 175104K, used 0K [0x00000006c0400000, 0x00000006caf00000, 0x000000076ac00000)
  object space 175104K, 0% used [0x00000006c0400000,0x00000006c0400000,0x00000006caf00000)
 Metaspace       used 7342K, capacity 7619K, committed 7680K, reserved 1056768K
  class space    used 705K, capacity 720K, committed 768K, reserved 1048576K

Card table byte_map: [0x0000000011e20000,0x0000000012620000] byte_map_base: 0x000000000e81e000

Marking Bits: (ParMarkBitMap*) 0x0000000056b5f860
 Begin Bits: [0x0000000013380000, 0x0000000017370000)
 End Bits:   [0x0000000017370000, 0x000000001b360000)

Polling page: 0x0000000000de0000

CodeCache: size=245760Kb used=2872Kb max_used=2872Kb free=242887Kb
 bounds [0x0000000002a60000, 0x0000000002d40000, 0x0000000011a60000]
 total_blobs=1182 nmethods=700 adapters=395
 compilation: enabled

Compilation events (10 events):
Event: 3.870 Thread 0x000000001e461800  696       3       com.badlogic.gdx.math.MathUtils::random (10 bytes)
Event: 3.871 Thread 0x000000001e461800 nmethod 696 0x0000000002d2eb10 code [0x0000000002d2ec80, 0x0000000002d2eea8]
Event: 3.871 Thread 0x000000001e461800  697       3       com.badlogic.gdx.utils.LongMap::hash3 (22 bytes)
Event: 3.871 Thread 0x000000001e461800 nmethod 697 0x0000000002d2ef50 code [0x0000000002d2f0a0, 0x0000000002d2f230]
Event: 3.873 Thread 0x000000001e461800  698       3       com.badlogic.gdx.math.RandomXS128::nextInt (8 bytes)
Event: 3.873 Thread 0x000000001e461800 nmethod 698 0x0000000002d2f2d0 code [0x0000000002d2f440, 0x0000000002d2f5e8]
Event: 3.873 Thread 0x000000001e461800  699       3       com.badlogic.gdx.math.RandomXS128::nextLong (47 bytes)
Event: 3.873 Thread 0x000000001e461800 nmethod 699 0x0000000002d2f690 code [0x0000000002d2f820, 0x0000000002d2fbb8]
Event: 3.873 Thread 0x000000001e461800  700       3       com.badlogic.gdx.math.RandomXS128::nextLong (43 bytes)
Event: 3.873 Thread 0x000000001e461800 nmethod 700 0x0000000002d2fd50 code [0x0000000002d2fea0, 0x0000000002d30030]

GC Heap History (0 events):
No events

Deoptimization events (1 events):
Event: 0.187 Thread 0x00000000027ae800 Uncommon trap: reason=unstable_if action=reinterpret pc=0x0000000002b85284 method=java.lang.String.hashCode()I @ 14

Classes redefined (0 events):
No events

Internal exceptions (10 events):
Event: 0.267 Thread 0x00000000027ae800 Exception <a 'java/security/PrivilegedActionException'> (0x000000076af9a6e0) thrown at [C:\re\workspace\8-2-build-windows-amd64-cygwin\jdk8u161\10277\hotspot\src\share\vm\prims\jvm.cpp, line 1390]
Event: 0.267 Thread 0x00000000027ae800 Exception <a 'java/security/PrivilegedActionException'> (0x000000076af9a8f0) thrown at [C:\re\workspace\8-2-build-windows-amd64-cygwin\jdk8u161\10277\hotspot\src\share\vm\prims\jvm.cpp, line 1390]
Event: 0.267 Thread 0x00000000027ae800 Exception <a 'java/security/PrivilegedActionException'> (0x000000076af9e560) thrown at [C:\re\workspace\8-2-build-windows-amd64-cygwin\jdk8u161\10277\hotspot\src\share\vm\prims\jvm.cpp, line 1390]
Event: 0.267 Thread 0x00000000027ae800 Exception <a 'java/security/PrivilegedActionException'> (0x000000076af9e770) thrown at [C:\re\workspace\8-2-build-windows-amd64-cygwin\jdk8u161\10277\hotspot\src\share\vm\prims\jvm.cpp, line 1390]
Event: 0.527 Thread 0x00000000027ae800 Exception <a 'java/security/PrivilegedActionException'> (0x000000076b0bb038) thrown at [C:\re\workspace\8-2-build-windows-amd64-cygwin\jdk8u161\10277\hotspot\src\share\vm\prims\jvm.cpp, line 1390]
Event: 0.527 Thread 0x00000000027ae800 Exception <a 'java/security/PrivilegedActionException'> (0x000000076b0bcd10) thrown at [C:\re\workspace\8-2-build-windows-amd64-cygwin\jdk8u161\10277\hotspot\src\share\vm\prims\jvm.cpp, line 1390]
Event: 0.527 Thread 0x00000000027ae800 Exception <a 'java/security/PrivilegedActionException'> (0x000000076b0bde80) thrown at [C:\re\workspace\8-2-build-windows-amd64-cygwin\jdk8u161\10277\hotspot\src\share\vm\prims\jvm.cpp, line 1390]
Event: 0.527 Thread 0x00000000027ae800 Exception <a 'java/security/PrivilegedActionException'> (0x000000076b0c2fe8) thrown at [C:\re\workspace\8-2-build-windows-amd64-cygwin\jdk8u161\10277\hotspot\src\share\vm\prims\jvm.cpp, line 1390]
Event: 0.527 Thread 0x00000000027ae800 Exception <a 'java/security/PrivilegedActionException'> (0x000000076b0c3c40) thrown at [C:\re\workspace\8-2-build-windows-amd64-cygwin\jdk8u161\10277\hotspot\src\share\vm\prims\jvm.cpp, line 1390]
Event: 0.528 Thread 0x00000000027ae800 Exception <a 'java/security/PrivilegedActionException'> (0x000000076b0c4868) thrown at [C:\re\workspace\8-2-build-windows-amd64-cygwin\jdk8u161\10277\hotspot\src\share\vm\prims\jvm.cpp, line 1390]

Events (10 events):
Event: 1.868 loading class org/lwjgl/opengl/Sync$RunningAvg done
Event: 1.869 loading class org/lwjgl/opengl/Sync$1
Event: 1.869 loading class org/lwjgl/opengl/Sync$1 done
Event: 1.869 Thread 0x000000001f8ab000 Thread added: 0x000000001f8ab000
Event: 3.014 loading class org/lwjgl/opengl/WindowsKeycodes
Event: 3.014 loading class org/lwjgl/opengl/WindowsKeycodes done
Event: 3.015 loading class com/badlogic/gdx/backends/lwjgl/LwjglInput$KeyEvent
Event: 3.015 loading class com/badlogic/gdx/backends/lwjgl/LwjglInput$KeyEvent done
Event: 3.063 Thread 0x000000001f817000 DEOPT PACKING pc=0x0000000002cf193f sp=0x000000002055f340
Event: 3.063 Thread 0x000000001f817000 DEOPT UNPACKING pc=0x0000000002aa7890 sp=0x000000002055f150 mode 0


Dynamic libraries:
0x00007ff7b0480000 - 0x00007ff7b04b7000 	C:\Program Files\Java\jre1.8.0_161\bin\javaw.exe
0x00007fff7db70000 - 0x00007fff7dd51000 	C:\WINDOWS\SYSTEM32\ntdll.dll
0x00007fff7b850000 - 0x00007fff7b902000 	C:\WINDOWS\System32\KERNEL32.DLL
0x00007fff7a890000 - 0x00007fff7ab03000 	C:\WINDOWS\System32\KERNELBASE.dll
0x00007fff7b7a0000 - 0x00007fff7b841000 	C:\WINDOWS\System32\ADVAPI32.dll
0x00007fff7da00000 - 0x00007fff7da9e000 	C:\WINDOWS\System32\msvcrt.dll
0x00007fff7b670000 - 0x00007fff7b6cb000 	C:\WINDOWS\System32\sechost.dll
0x00007fff7b1a0000 - 0x00007fff7b2c4000 	C:\WINDOWS\System32\RPCRT4.dll
0x00007fff7cf20000 - 0x00007fff7d0b0000 	C:\WINDOWS\System32\USER32.dll
0x00007fff7a090000 - 0x00007fff7a0b0000 	C:\WINDOWS\System32\win32u.dll
0x00007fff7ba70000 - 0x00007fff7ba98000 	C:\WINDOWS\System32\GDI32.dll
0x00007fff7ab70000 - 0x00007fff7ad02000 	C:\WINDOWS\System32\gdi32full.dll
0x00007fff79f40000 - 0x00007fff79fdf000 	C:\WINDOWS\System32\msvcp_win.dll
0x00007fff7af00000 - 0x00007fff7affa000 	C:\WINDOWS\System32\ucrtbase.dll
0x00007fff6caf0000 - 0x00007fff6cd59000 	C:\WINDOWS\WinSxS\amd64_microsoft.windows.common-controls_6595b64144ccf1df_6.0.17134.1_none_e4da93291059d8fb\COMCTL32.dll
0x00007fff7d0b0000 - 0x00007fff7d3d3000 	C:\WINDOWS\System32\combase.dll
0x00007fff7a810000 - 0x00007fff7a88a000 	C:\WINDOWS\System32\bcryptPrimitives.dll
0x00007fff7b3b0000 - 0x00007fff7b3dd000 	C:\WINDOWS\System32\IMM32.DLL
0x00000000560c0000 - 0x0000000056192000 	C:\Program Files\Java\jre1.8.0_161\bin\msvcr100.dll
0x0000000056340000 - 0x0000000056bdf000 	C:\Program Files\Java\jre1.8.0_161\bin\server\jvm.dll
0x00007fff7cef0000 - 0x00007fff7cef8000 	C:\WINDOWS\System32\PSAPI.DLL
0x00007fff76270000 - 0x00007fff76279000 	C:\WINDOWS\SYSTEM32\WSOCK32.dll
0x00007fff76380000 - 0x00007fff763a3000 	C:\WINDOWS\SYSTEM32\WINMM.dll
0x00007fff71640000 - 0x00007fff7164a000 	C:\WINDOWS\SYSTEM32\VERSION.dll
0x00007fff7d3e0000 - 0x00007fff7d44c000 	C:\WINDOWS\System32\WS2_32.dll
0x00007fff761d0000 - 0x00007fff761fa000 	C:\WINDOWS\SYSTEM32\winmmbase.dll
0x00007fff7a0b0000 - 0x00007fff7a0f9000 	C:\WINDOWS\System32\cfgmgr32.dll
0x0000000056e10000 - 0x0000000056e1f000 	C:\Program Files\Java\jre1.8.0_161\bin\verify.dll
0x0000000056230000 - 0x0000000056259000 	C:\Program Files\Java\jre1.8.0_161\bin\java.dll
0x0000000056df0000 - 0x0000000056e06000 	C:\Program Files\Java\jre1.8.0_161\bin\zip.dll
0x00007fff7baa0000 - 0x00007fff7cee0000 	C:\WINDOWS\System32\SHELL32.dll
0x00007fff7b5c0000 - 0x00007fff7b669000 	C:\WINDOWS\System32\shcore.dll
0x00007fff7a100000 - 0x00007fff7a80d000 	C:\WINDOWS\System32\windows.storage.dll
0x00007fff7b350000 - 0x00007fff7b3a1000 	C:\WINDOWS\System32\shlwapi.dll
0x00007fff79ec0000 - 0x00007fff79ed1000 	C:\WINDOWS\System32\kernel.appcore.dll
0x00007fff79ea0000 - 0x00007fff79ebf000 	C:\WINDOWS\System32\profapi.dll
0x00007fff79ee0000 - 0x00007fff79f2c000 	C:\WINDOWS\System32\powrprof.dll
0x00007fff79f30000 - 0x00007fff79f3a000 	C:\WINDOWS\System32\FLTLIB.DLL
0x0000000065580000 - 0x0000000065616000 	C:\Users\Carlos\AppData\Local\Temp\libgdxCarlos\12dfaa03\gdx64.dll
0x00007fff79a10000 - 0x00007fff79a27000 	C:\WINDOWS\SYSTEM32\CRYPTSP.dll
0x00007fff78f80000 - 0x00007fff78fb3000 	C:\WINDOWS\system32\rsaenh.dll
0x00007fff79810000 - 0x00007fff79835000 	C:\WINDOWS\SYSTEM32\bcrypt.dll
0x00007fff79d80000 - 0x00007fff79da8000 	C:\WINDOWS\SYSTEM32\USERENV.dll
0x00007fff79550000 - 0x00007fff7955b000 	C:\WINDOWS\SYSTEM32\CRYPTBASE.dll
0x0000000056210000 - 0x000000005622a000 	C:\Program Files\Java\jre1.8.0_161\bin\net.dll
0x00007fff793a0000 - 0x00007fff79406000 	C:\WINDOWS\system32\mswsock.dll
0x00007fff79120000 - 0x00007fff79158000 	C:\WINDOWS\SYSTEM32\IPHLPAPI.DLL
0x00007fff7d540000 - 0x00007fff7d548000 	C:\WINDOWS\System32\NSI.dll
0x00007fff73d50000 - 0x00007fff73d66000 	C:\WINDOWS\SYSTEM32\dhcpcsvc6.DLL
0x00007fff73580000 - 0x00007fff7359a000 	C:\WINDOWS\SYSTEM32\dhcpcsvc.DLL
0x00000000561f0000 - 0x0000000056201000 	C:\Program Files\Java\jre1.8.0_161\bin\nio.dll
0x0000000180000000 - 0x0000000180053000 	C:\Users\Carlos\AppData\Local\Temp\libgdxCarlos\dc0f0009\lwjgl64.dll
0x00007fff3a0a0000 - 0x00007fff3a1c0000 	C:\WINDOWS\SYSTEM32\OPENGL32.dll
0x00007fff3a030000 - 0x00007fff3a05c000 	C:\WINDOWS\SYSTEM32\GLU32.dll
0x00000000027b0000 - 0x0000000002814000 	C:\Users\Carlos\AppData\Local\Temp\libgdxCarlos\dc0f0009\OpenAL64.dll
0x00007fff7b910000 - 0x00007fff7ba61000 	C:\WINDOWS\System32\ole32.dll
0x00007fff77990000 - 0x00007fff77a28000 	C:\WINDOWS\system32\uxtheme.dll
0x00007fff7daa0000 - 0x00007fff7db40000 	C:\WINDOWS\System32\clbcatq.dll
0x00007fff755f0000 - 0x00007fff757a4000 	C:\WINDOWS\System32\PROPSYS.dll
0x00007fff7b6d0000 - 0x00007fff7b792000 	C:\WINDOWS\System32\OLEAUT32.dll
0x00007fff3a1c0000 - 0x00007fff3a24f000 	C:\WINDOWS\SYSTEM32\dsound.dll
0x00007fff6f9d0000 - 0x00007fff6fa46000 	C:\WINDOWS\System32\MMDevApi.dll
0x00007fff79c90000 - 0x00007fff79cb7000 	C:\WINDOWS\System32\DEVOBJ.dll
0x00007fff4c000000 - 0x00007fff4c12c000 	C:\WINDOWS\SYSTEM32\AUDIOSES.DLL
0x00007fff74e10000 - 0x00007fff74f5d000 	C:\WINDOWS\SYSTEM32\wintypes.dll
0x00007fff74960000 - 0x00007fff7496a000 	C:\WINDOWS\SYSTEM32\AVRT.dll
0x00007fff7b440000 - 0x00007fff7b5b5000 	C:\WINDOWS\System32\MSCTF.dll
0x00007fff77c90000 - 0x00007fff77cb9000 	C:\WINDOWS\system32\dwmapi.dll
0x00007fff66be0000 - 0x00007fff66be7000 	C:\Windows\System32\OskSupport.dll
0x00007fff6a580000 - 0x00007fff6a618000 	C:\WINDOWS\System32\TextInputFramework.dll
0x00007fff77660000 - 0x00007fff7773a000 	C:\WINDOWS\System32\CoreMessaging.dll
0x00007fff72ae0000 - 0x00007fff72dfe000 	C:\WINDOWS\System32\CoreUIComponents.dll
0x00007fff78c10000 - 0x00007fff78c41000 	C:\WINDOWS\SYSTEM32\ntmarta.dll
0x0000000053f20000 - 0x00000000560b8000 	C:\WINDOWS\SYSTEM32\nvoglv64.DLL
0x00007fff7d550000 - 0x00007fff7d99b000 	C:\WINDOWS\System32\SETUPAPI.dll
0x00007fff75b10000 - 0x00007fff75b23000 	C:\WINDOWS\SYSTEM32\WTSAPI32.dll
0x00007fff7ab10000 - 0x00007fff7ab67000 	C:\WINDOWS\System32\WINTRUST.dll
0x00007fff79e80000 - 0x00007fff79e92000 	C:\WINDOWS\System32\MSASN1.dll
0x00007fff7ad10000 - 0x00007fff7aef2000 	C:\WINDOWS\System32\CRYPT32.dll
0x00007fff6cfe0000 - 0x00007fff6d088000 	C:\WINDOWS\SYSTEM32\mscms.dll
0x00007fff6cfd0000 - 0x00007fff6cfe0000 	C:\WINDOWS\SYSTEM32\ColorAdapterClient.dll
0x00007fff549f0000 - 0x00007fff54a33000 	C:\WINDOWS\SYSTEM32\icm32.dll
0x00007fff50b40000 - 0x00007fff50d40000 	C:\Windows\System32\uiautomationcore.dll
0x00007fff6e740000 - 0x00007fff6e7ab000 	C:\Windows\System32\OLEACC.dll
0x00007fff78cb0000 - 0x00007fff78d06000 	C:\WINDOWS\SYSTEM32\WINSTA.dll
0x00007fff788b0000 - 0x00007fff7896b000 	C:\WINDOWS\SYSTEM32\dxgi.dll
0x00007fff768a0000 - 0x00007fff76bab000 	C:\WINDOWS\SYSTEM32\d3d11.dll
0x00007fff6fe80000 - 0x00007fff7162e000 	C:\WINDOWS\System32\DriverStore\FileRepository\nvami.inf_amd64_79f909bfbbd7ec05\nvwgf2umx.dll
0x00007fff690d0000 - 0x00007fff6928d000 	C:\WINDOWS\system32\nvspcap64.dll
0x0000000066bc0000 - 0x0000000066c7b000 	C:\Users\Carlos\AppData\Local\Temp\libgdxCarlos\54593449\gdx-box2d64.dll
0x00007fff79840000 - 0x00007fff79a09000 	C:\WINDOWS\SYSTEM32\dbghelp.dll

VM Arguments:
jvm_args: -Dfile.encoding=Cp1252 
java_command: com.isn.platformer.desktop.DesktopLauncher
java_class_path (initial): C:\Program Files\Java\jre1.8.0_161\lib\resources.jar;C:\Program Files\Java\jre1.8.0_161\lib\rt.jar;C:\Program Files\Java\jre1.8.0_161\lib\jsse.jar;C:\Program Files\Java\jre1.8.0_161\lib\jce.jar;C:\Program Files\Java\jre1.8.0_161\lib\charsets.jar;C:\Program Files\Java\jre1.8.0_161\lib\jfr.jar;C:\Program Files\Java\jre1.8.0_161\lib\ext\access-bridge-64.jar;C:\Program Files\Java\jre1.8.0_161\lib\ext\cldrdata.jar;C:\Program Files\Java\jre1.8.0_161\lib\ext\dnsns.jar;C:\Program Files\Java\jre1.8.0_161\lib\ext\jaccess.jar;C:\Program Files\Java\jre1.8.0_161\lib\ext\jfxrt.jar;C:\Program Files\Java\jre1.8.0_161\lib\ext\localedata.jar;C:\Program Files\Java\jre1.8.0_161\lib\ext\nashorn.jar;C:\Program Files\Java\jre1.8.0_161\lib\ext\sunec.jar;C:\Program Files\Java\jre1.8.0_161\lib\ext\sunjce_provider.jar;C:\Program Files\Java\jre1.8.0_161\lib\ext\sunmscapi.jar;C:\Program Files\Java\jre1.8.0_161\lib\ext\sunpkcs11.jar;C:\Program Files\Java\jre1.8.0_161\lib\ext\zipfs.jar;D:\git\ISNPlatformer\Platformer-desktop\bin;D:\git\ISNPlatformer\Platformer-core\bin;C:\Users\Carlos\.gradle\caches\modules-2\files-2.1\com.badlogicgames.gdx\gdx\1.9.8\a35a0076fbce873f9c2d5a1a1c8066244231bb3c\gdx-1.9.8.jar;C:\Users\Carlos\.gradle\caches\modules-2\files-2.1\com.badlogicgames.gdx\gdx-box2d\1.9.8\6f0497b7958216464101adfb7bdc3a0f7b88d6d3\gdx-box2d-1.9.8.jar;C:\Users\Carlos\.gradle\caches\modules-2\files-2.1\com.badlogicgames.gdx\gdx-backend-lwjgl\1.9.8\b7c138f14ed67ad830ae7597da3d86ae02b20eee\gdx-backend-lwjgl-1.9.8.jar;C:\Users\Carlos\.gradle\caches\modules-2\files-2.1\com.badlogicgames.gdx\gdx-platform\1.9.8\604a2ef2c7c92a5900114757cbd3fb4dcbb8270c\gdx-platform-1.9.8-natives-desktop.jar;C:\Users\Carlos\.gradle\caches\modules-2\files-2.1\com.badlogicgames.gdx\gdx-box2d-platform\1.9.8\3195b56f82751d7cd7de85edb6824d17bf479781\gdx-box2d-platform-1.9.8-natives-desktop.jar;C:\Users\Carlos\.gradle\caches\modules-2\files-2.1\org.lwjgl.lwjgl\lwjgl\2.9.2\a9d80fe5935c7a9149f6584d977
Launcher Type: SUN_STANDARD

Environment Variables:
PATH=C:/Program Files/Java/jre1.8.0_161/bin/server;C:/Program Files/Java/jre1.8.0_161/bin;C:/Program Files/Java/jre1.8.0_161/lib/amd64;C:\ProgramData\Oracle\Java\javapath;C:\WINDOWS\system32;C:\WINDOWS;C:\WINDOWS\System32\Wbem;C:\WINDOWS\System32\WindowsPowerShell\v1.0\;C:\Program Files (x86)\NVIDIA Corporation\PhysX\Common;C:\Program Files\Common Files\Autodesk Shared\;C:\Program Files (x86)\Skype\Phone\;%SystemRoot%\system32;%SystemRoot%;%SystemRoot%\System32\Wbem;%SYSTEMROOT%\System32\WindowsPowerShell\v1.0\;%SYSTEMROOT%\System32\OpenSSH\;C:\Users\Carlos\AppData\Local\Microsoft\WindowsApps;;C:\Users\Carlos\Desktop;
USERNAME=Carlos
OS=Windows_NT
PROCESSOR_IDENTIFIER=Intel64 Family 6 Model 42 Stepping 7, GenuineIntel



---------------  S Y S T E M  ---------------

OS: Windows 10.0 , 64 bit Build 17134 (10.0.17134.1)

CPU:total 8 (initial active 8) (4 cores per cpu, 2 threads per core) family 6 model 42 stepping 7, cmov, cx8, fxsr, mmx, sse, sse2, sse3, ssse3, sse4.1, sse4.2, popcnt, avx, aes, clmul, ht, tsc, tscinvbit

Memory: 4k page, physical 16753796k(11951124k free), swap 19768452k(13880360k free)

vm_info: Java HotSpot(TM) 64-Bit Server VM (25.161-b12) for windows-amd64 JRE (1.8.0_161-b12), built on Dec 19 2017 17:52:25 by "java_re" with MS VC++ 10.0 (VS2010)

time: Thu May 10 14:03:29 2018
elapsed time: 3 seconds (0d 0h 0m 3s)

